<?xml version="1.0" encoding="UTF-8"?>
<testsuite xmlns:xsi="http://www.w3.org/2001/XMLSchema-instance" xsi:noNamespaceSchemaLocation="https://maven.apache.org/surefire/maven-surefire-plugin/xsd/surefire-test-report-3.0.xsd" version="3.0" name="com.robot.simulation.SimulationTest" time="0.094" tests="3" errors="0" skipped="0" failures="0">
  <properties>
[...]
</properties>
  <testcase name="testRobotMovement" classname="com.robot.simulation.SimulationTest" time="0.043"/>
  <testcase name="testBFSPathfinding" classname="com.robot.simulation.SimulationTest" time="0.005"/>
  <testcase name="testRobotCleaning" classname="com.robot.simulation.SimulationTest" time="0.019"/>
</testsuite>